[2025-06-17 20:38:01] refactor daemon
[2025-06-17 20:38:02] commit to darkness
[2025-06-17 20:38:29] enhance crypt.sh
[2025-06-17 20:38:56] dark override initialized
[2025-06-17 20:38:56] optimize void cycle
[2025-06-17 20:39:23] optimize void cycle
[2025-06-17 20:39:23] commit to darkness
[2025-06-17 20:39:50] update wolf.log
[2025-06-17 20:40:17] refactor daemon
[2025-06-17 20:40:46] enhance crypt.sh
[2025-06-17 20:41:13] commit to darkness
[2025-06-17 20:41:40] remove weak patch
[2025-06-17 20:42:12] refactor daemon
[2025-06-17 20:42:12] remove weak patch
[2025-06-17 20:42:13] add shadow notes
[2025-06-17 20:42:45] dark override initialized
[2025-06-17 20:43:18] add shadow notes
[2025-06-17 20:43:54] enhance crypt.sh
[2025-06-17 20:44:30] commit to darkness
[2025-06-17 20:45:01] dark override initialized
[2025-06-17 20:45:01] refactor daemon
[2025-06-17 20:45:37] remove weak patch
[2025-06-17 20:45:37] refactor daemon
[2025-06-17 20:45:38] commit to darkness
[2025-06-17 20:46:11] dark override initialized
[2025-06-17 20:46:12] dark override initialized
[2025-06-17 20:46:12] add shadow notes
